<?xml version="1.0" encoding="UTF-8"?>
<!-- Generated by org.testng.reporters.JUnitReportReporter -->
<testsuite hostname="DESKTOP-A9JHJ3G" failures="0" tests="2" name="org.dataprovider.DataProvider" time="2.427" errors="0" timestamp="2023-11-03T15:48:46 GST" skipped="0">
  <testcase classname="org.dataprovider.DataProvider" name="aa" time="1.476"/>
  <system-out/>
  <testcase classname="org.dataprovider.DataProvider" name="aa" time="0.951"/>
  <system-out/>
</testsuite> <!-- org.dataprovider.DataProvider -->
