<?xml version="1.0" encoding="UTF-8"?>
<!-- Generated by org.testng.reporters.JUnitReportReporter -->
<testsuite hostname="DESKTOP-A9JHJ3G" failures="0" tests="1" name="org.reports.TestClass" time="5.154" errors="0" timestamp="2023-11-03T16:02:41 GST" skipped="0">
  <testcase classname="org.reports.TestClass" name="aa" time="5.154"/>
  <system-out>
    <![CDATA[the browser should be launched]]>
  </system-out>
</testsuite> <!-- org.reports.TestClass -->
