<?xml version="1.0" encoding="UTF-8"?>
<!-- Generated by org.testng.reporters.JUnitReportReporter -->
<testsuite hostname="DESKTOP-A9JHJ3G" failures="0" tests="1" name="org.group.Group2" time="0.003" errors="0" timestamp="2023-10-25T11:57:04 GST" skipped="0">
  <testcase classname="org.group.Group2" name="tc2" time="0.003"/>
  <system-out/>
</testsuite> <!-- org.group.Group2 -->
