<?xml version="1.0" encoding="UTF-8"?>
<!-- Generated by org.testng.reporters.JUnitReportReporter -->
<testsuite hostname="DESKTOP-A9JHJ3G" failures="0" tests="2" name="org.group1.Test1" time="0.020" errors="0" timestamp="2023-10-25T11:57:04 GST" skipped="0">
  <testcase classname="org.group1.Test1" name="tc1" time="0.017"/>
  <system-out/>
  <testcase classname="org.group1.Test1" name="tc3" time="0.003"/>
  <system-out/>
</testsuite> <!-- org.group1.Test1 -->
