<?xml version="1.0" encoding="UTF-8"?>
<!-- Generated by org.testng.reporters.JUnitReportReporter -->
<testsuite hostname="DESKTOP-A9JHJ3G" failures="0" tests="2" name="org.group.Group1" time="0.009" errors="0" timestamp="2023-10-25T11:57:04 GST" skipped="0">
  <testcase classname="org.group.Group1" name="tc3" time="0.004"/>
  <system-out/>
  <testcase classname="org.group.Group1" name="tc2" time="0.005"/>
  <system-out/>
</testsuite> <!-- org.group.Group1 -->
